Arguments: 
  /home/nostradamus/.nvm/versions/node/v14.4.0/bin/node /usr/bin/yarn run

PATH: 
  /home/nostradamus/.nvm/versions/node/v14.4.0/bin:/home/nostradamus/.local/bin:/usr/local/bin:/usr/bin:/bin:/usr/local/sbin:/usr/lib/jvm/default/bin:/usr/bin/site_perl:/usr/bin/vendor_perl:/usr/bin/core_perl:/home/nostradamus/.yarn/bin:/opt/proverif2.01:/opt/lampp:/home/nostradamus/.gem/ruby/2.7.0/bin

Yarn version: 
  1.22.4

Node version: 
  14.4.0

Platform: 
  linux x64

Trace: 
  SyntaxError: /home/nostradamus/Desktop/ididnottweetthat/package.json: Unexpected string in JSON at position 178
      at JSON.parse (<anonymous>)
      at /usr/lib/node_modules/yarn/lib/cli.js:1625:59
      at Generator.next (<anonymous>)
      at step (/usr/lib/node_modules/yarn/lib/cli.js:310:30)
      at /usr/lib/node_modules/yarn/lib/cli.js:321:13

npm manifest: 
  {
    "name": "ididnottweetthat",
    "version": "1.0.0",
    "description": "\"I honestly did not tweet that\"",
    "main": "index.html",
    "scripts": {
        "run": "lite-server"
      "test": "echo \"Error: no test specified\" && exit 1"
    },
    "repository": {
      "type": "git",
      "url": "git+https://github.com/Ri2parna/ididnottweetthat.git"
    },
    "dependencies": {
      "downloadjs": "^1.4.7",
      "html-to-image": "^0.1.1",
      "lite-server": "^2.5.4"
    },
    "author": "R",
    "license": "ISC",
    "bugs": {
      "url": "https://github.com/Ri2parna/ididnottweetthat/issues"
    },
    "homepage": "https://github.com/Ri2parna/ididnottweetthat#readme"
  }

yarn manifest: 
  No manifest

Lockfile: 
  # THIS IS AN AUTOGENERATED FILE. DO NOT EDIT THIS FILE DIRECTLY.
  # yarn lockfile v1
  
  
  downloadjs@^1.4.7:
    version "1.4.7"
    resolved "https://registry.yarnpkg.com/downloadjs/-/downloadjs-1.4.7.tgz#f69f96f940e0d0553dac291139865a3cd0101e3c"
    integrity sha1-9p+W+UDg0FU9rCkROYZaPNAQHjw=
  
  html-to-image@^0.1.1:
    version "0.1.1"
    resolved "https://registry.yarnpkg.com/html-to-image/-/html-to-image-0.1.1.tgz#0db51267b4bbd1bc682a07d8dae44bc431ec6acd"
    integrity sha512-UAjpXmokENeOyzfLwL0+zQ502lXyg6pkzVUmRjtljOH9dR/YdEYQhWrQ/O14hmH5/1L7jv1aOupU4Zi3Y8+iow==
